loss,auc,asr,nasr
0,2.387792,10.389999,10.981444,8.584686
0,1.916249,29.019999,12.696931,22.505800
1,1.765564,34.919998,28.591434,39.443153
2,1.592473,41.849998,17.983429,30.162413
3,1.620654,40.299999,24.075155,66.125290
4,1.483486,45.860001,15.334345,53.364265
5,1.517933,45.000000,17.855059,67.517403
6,1.362008,50.070000,4.738009,23.433874
7,1.338179,51.359997,13.362120,61.484917
8,1.359588,51.029999,21.916210,65.661247
9,1.295706,52.419998,15.556074,61.252899
10,1.325083,52.759998,18.496908,74.013916
11,1.229706,55.689999,14.470767,48.491879
12,1.273918,55.230000,21.717819,70.765656
13,1.201067,57.099998,11.623293,54.756378
14,1.218646,55.789997,21.379391,70.997681
15,1.189121,58.219997,24.868713,65.197212
16,1.148944,59.519997,22.511377,66.125290
17,1.217172,57.959999,22.114599,75.174011
18,1.138735,59.359997,21.099312,58.700695
19,1.101923,61.829998,15.976193,50.812065
20,1.093884,61.439999,25.685612,63.341064
21,1.111399,61.359997,20.072353,55.452435
22,1.111000,61.129997,27.856226,73.317863
23,1.129012,60.619999,38.359203,69.837585
24,1.095378,61.969997,24.401915,64.733177
25,1.079598,61.730000,24.798693,68.677490
26,1.086261,62.079998,20.795893,72.621811
27,1.078469,62.329998,29.046564,71.693733
28,1.071273,62.730000,16.618042,56.844547
29,1.089294,62.099998,27.786205,60.324825
30,1.105770,61.680000,26.969309,70.533638
31,1.076788,62.719997,15.929513,58.004639
32,1.084615,62.169998,29.653402,68.445473
33,1.098744,62.359997,17.481619,56.380508
34,1.095193,62.320000,21.577780,60.788860
35,1.059282,63.519997,16.758081,53.364265
36,1.164117,61.129997,28.323025,73.317863
37,1.086892,63.639999,25.020422,64.733177
38,1.108724,62.500000,34.099663,76.566124
39,1.076499,63.509998,24.483604,66.589325
40,1.052607,64.709999,16.781422,43.155453
41,1.100700,63.379997,25.463881,68.677490
42,1.094337,63.329998,22.954838,62.645008
43,1.123769,62.840000,25.067102,66.589325
44,1.093057,63.289997,20.165714,65.197212
45,1.110503,63.239998,22.301319,65.429230
46,1.125343,62.750000,24.413584,70.765656
47,1.075701,63.820000,17.680010,49.419952
48,1.155254,62.639999,22.896488,59.164730
49,1.121399,63.340000,22.184620,61.252899
50,1.116635,63.169998,23.001516,61.484917
51,1.150091,63.019997,33.049362,70.533638
52,1.201295,60.989998,20.177383,68.677490
53,1.170959,63.049999,23.631695,70.765656
54,1.141385,62.789997,29.314972,66.821342
55,1.176591,62.910000,18.975376,68.213455
56,1.182417,62.579998,19.932314,51.276100
57,1.201153,62.109997,27.109348,76.566124
58,1.157581,62.799999,20.025675,53.828304
59,1.224564,61.199997,25.919010,69.605568
60,1.207922,62.509998,26.257441,73.549881
61,1.219711,62.660000,16.839771,61.948956
62,1.243845,62.149998,21.134321,69.141525
63,1.231199,62.590000,22.021240,62.645008
64,1.195201,63.399998,16.804762,57.308582
65,1.211253,62.959999,15.159295,45.243618
66,1.190724,62.889999,19.407166,56.844547
67,1.258850,61.139999,21.379391,69.605568
68,1.210876,62.829998,16.419653,53.132248
69,1.206075,62.189999,18.776987,57.076565
70,1.278541,61.579998,24.728674,71.229698
71,1.266203,61.279999,24.471933,68.213455
72,1.206262,63.070000,14.949236,56.612526
73,1.289359,61.169998,27.412767,73.085846
74,1.286610,61.739998,23.164896,66.125290
75,1.250584,62.199997,14.505776,59.860786
76,1.281973,61.119999,22.418018,65.661247
77,1.326942,60.709999,24.787024,60.788860
78,1.288241,61.799999,30.260241,73.781898
79,1.296204,61.849998,21.752831,65.661247
80,1.280612,63.429996,19.267126,58.932713
81,1.335045,62.869999,20.037344,63.805103
82,1.368233,62.629997,21.286032,61.716934
83,1.417809,62.539997,21.519430,64.733177
84,1.442270,62.459999,21.636129,62.645008
85,1.460247,62.539997,20.725872,60.788860
86,1.495660,62.439999,21.145992,61.484917
87,1.543011,62.079998,22.849808,64.269142
88,1.544987,62.289997,20.282413,59.164730
89,1.565422,62.299999,19.850624,58.004639
90,1.589938,62.119999,20.014004,60.092804
91,1.622043,61.919998,20.527483,60.556843
92,1.642456,61.919998,19.990664,59.628769
93,1.666809,62.139999,20.200724,60.324825
94,1.670932,62.320000,19.068737,56.148491
95,1.717169,61.859997,22.336329,59.396751
96,1.725686,61.699997,21.122652,57.772621
97,1.742080,61.829998,20.749212,56.844547
98,1.784953,61.469997,21.997900,60.556843
99,1.800342,61.519997,20.970942,59.628769
100,1.812898,61.459999,19.652235,58.700695
101,1.844423,61.189999,20.702532,59.628769
102,1.858463,61.279999,19.943985,56.148491
103,1.872597,61.329998,19.547205,56.612526
104,1.918487,60.980000,21.029291,62.180973
105,1.934506,61.090000,22.873148,61.252899
106,1.959682,60.759998,21.414400,58.700695
107,1.974821,60.980000,19.488855,58.468674
108,1.963629,61.009998,18.181818,53.132248
109,2.013076,60.619999,20.375772,57.308582
110,2.028406,60.840000,19.745594,57.076565
111,2.064313,60.559998,21.309372,59.164730
112,2.077276,60.689999,19.197105,55.452435
113,2.112153,60.239998,21.437740,60.556843
114,2.144834,60.090000,22.966507,63.109047
115,2.135906,60.629997,19.045397,56.380508
116,2.175002,60.199997,20.107365,60.556843
117,2.182580,60.399998,19.558874,58.236656
118,2.225243,60.279999,20.725872,58.236656
119,2.270785,60.000000,22.441359,59.164730
120,2.249745,60.160000,19.523865,56.148491
121,2.296737,59.949997,21.145992,57.076565
122,2.342447,59.769997,23.258257,61.716934
123,2.345603,60.109997,21.017622,61.020878
124,2.369130,60.059998,20.352434,58.004639
125,2.362636,60.090000,19.255455,57.076565
126,2.373911,60.199997,18.695297,50.580044
127,2.406824,59.859997,18.636948,55.684452
128,2.439676,59.579998,20.970942,55.916470
129,2.451420,59.649998,19.675575,54.060322
130,2.503080,59.680000,21.601120,59.396751
131,2.561315,59.299999,23.013187,61.252899
132,2.580609,59.340000,22.056250,63.573082
133,2.568852,59.840000,20.317423,55.452435
134,2.610192,59.329998,22.663088,61.484917
135,2.622028,59.259998,20.037344,57.540600
136,2.644788,59.590000,21.962889,59.860786
137,2.683720,58.969997,20.142374,58.468674
138,2.674531,59.539997,19.150427,54.292343
139,2.730831,59.469997,20.924261,60.556843
140,2.741090,59.289997,21.519430,60.556843
141,2.756827,59.149998,20.259073,57.076565
142,2.789421,59.309998,20.690863,56.612526
143,2.846394,59.079998,21.356050,59.860786
144,2.815379,59.149998,19.850624,54.060322
145,2.870475,59.009998,20.177383,58.700695
146,2.877827,59.209999,20.422453,56.844547
147,2.925870,58.849998,22.534718,60.092804
148,2.938833,59.039997,21.612791,57.076565
149,2.964893,58.739998,20.690863,57.772621
150,2.976093,59.009998,21.286032,58.236656
151,2.995069,59.139999,20.819233,58.236656
152,3.004745,59.049999,20.037344,54.524361
153,3.091288,58.849998,21.834520,61.020878
154,3.094654,58.799999,20.655853,55.452435
155,3.098593,59.079998,20.842571,56.612526
156,3.117529,59.180000,21.262691,55.916470
157,3.162122,58.879997,20.784222,58.236656
158,3.194180,58.799999,21.647800,61.948956
159,3.193722,58.789997,20.247404,57.540600
160,3.233007,58.779999,21.402731,58.236656
161,3.232180,58.750000,21.694481,58.468674
162,3.260571,58.959999,18.228498,56.148491
163,3.326828,58.430000,21.986229,59.396751
164,3.291119,59.019997,19.162096,54.524361
165,3.348216,58.509998,21.332710,57.308582
166,3.358211,58.649998,21.087641,58.236656
167,3.385520,58.599998,20.072353,55.452435
168,3.440444,58.609997,21.402731,58.932713
169,3.440603,58.489998,21.741159,60.092804
170,3.514545,58.459999,23.106546,61.716934
171,3.484227,58.609997,21.274361,58.700695
172,3.484378,58.820000,20.025675,55.452435
173,3.527226,58.629997,21.040962,58.236656
174,3.539807,58.430000,19.675575,56.380508
175,3.557352,58.430000,20.037344,56.148491
176,3.627153,58.230000,22.616407,60.788860
177,3.604191,58.660000,20.375772,54.756378
178,3.676023,58.119999,21.052631,59.860786
179,3.693185,58.269997,20.492474,55.916470
180,3.680906,58.539997,22.196289,57.772621
181,3.725140,58.329998,21.169331,55.916470
182,3.760352,58.029999,22.394678,61.484917
183,3.775335,58.340000,22.126268,58.468674
184,3.807881,58.090000,21.542770,58.236656
185,3.795294,58.039997,21.122652,56.844547
186,3.825035,58.349998,20.830902,55.452435
187,3.868781,58.180000,22.884817,58.700695
188,3.879138,58.169998,22.604738,58.932713
189,3.859044,58.359997,20.224064,54.524361
190,3.895784,58.160000,20.667522,55.684452
191,3.955383,57.949997,23.760065,62.180973
192,3.902734,58.230000,19.477184,54.060322
193,3.980392,58.389999,20.585833,57.772621
194,3.991888,57.939999,22.348000,61.716934
195,3.986126,58.230000,21.764500,56.612526
196,4.050880,58.189999,21.869530,58.468674
197,4.016848,58.169998,20.364103,57.540600
198,4.037138,58.059998,21.461081,56.380508
199,4.184696,57.730000,24.857042,66.821342
