loss,auc,asr,nasr
0,57.300506,10.000000,0.000000,0.000000
0,1.392394,49.759998,17.713757,31.652662
1,1.150297,59.309998,5.623048,12.605042
2,1.029138,62.779999,5.229666,15.126051
3,1.093049,62.829998,6.051140,11.204482
4,0.948922,68.220001,3.135485,7.843137
5,0.850877,70.849998,1.388407,5.322129
6,1.170141,64.189995,1.839639,6.722689
7,0.956720,69.759995,8.122180,21.568628
8,0.831908,72.180000,8.307301,19.607843
9,0.955197,68.449997,5.866019,15.966387
10,0.868024,71.769997,3.563577,10.084034
11,0.924121,70.879997,3.193336,10.084034
12,1.422846,63.679996,7.069305,22.128853
13,1.152071,68.089996,5.113965,14.005603
14,1.045969,68.979996,5.889159,18.767508
15,1.062677,71.259995,4.442902,15.126051
16,1.256328,67.830002,8.376721,27.731092
17,1.092268,69.479996,4.558602,13.725491
18,1.262657,65.739998,6.328821,17.647058
19,1.124507,72.860001,5.773458,16.246498
20,2.172868,60.129997,14.763392,26.890757
21,1.681147,65.299995,12.796483,21.008404
22,1.640240,65.570000,23.313665,38.935574
23,1.538756,67.449997,24.470671,35.854343
24,1.369315,69.860001,16.012959,28.851542
25,1.355475,70.439995,17.378225,25.490196
26,1.353136,70.430000,16.649311,23.809525
27,1.349156,71.879997,10.482471,17.086836
28,1.216504,73.739998,11.951869,21.288515
29,1.416978,70.509995,32.407730,40.056023
30,1.486050,69.720001,20.386440,25.770309
31,1.557508,69.820000,10.389911,15.406163
32,1.537316,70.529999,13.583246,16.526611
33,1.379749,72.000000,35.068844,38.935574
34,1.463074,71.750000,19.715376,22.408964
35,1.590673,70.119995,39.569595,43.137257
36,1.528132,70.619995,37.648964,35.294117
37,1.449696,73.299995,33.668865,38.655464
38,1.667118,67.900002,26.483860,27.170870
39,1.411491,73.299995,27.825987,24.649860
40,1.519887,71.250000,23.059124,22.689075
41,1.428901,73.549995,26.946663,25.770309
42,1.791035,69.049995,22.515331,16.526611
43,1.494839,73.290001,32.130047,29.411766
44,1.304442,75.439995,30.625940,27.450981
45,1.325060,75.199997,36.781212,33.613445
46,1.289974,76.009995,29.110264,27.170870
47,1.323694,76.119995,35.936596,33.053223
48,1.287500,76.389999,33.217632,29.691877
49,1.301068,76.220001,35.323383,31.092438
50,1.303111,76.259995,34.420918,32.212887
51,1.286300,76.259995,34.154808,32.212887
52,1.285887,76.449997,33.113503,30.252102
53,1.296986,76.369995,35.358093,31.652662
54,1.272217,76.580002,32.673840,28.851542
55,1.274444,76.500000,33.934978,30.252102
56,1.277140,76.389999,33.946548,29.411766
57,1.282211,76.419998,34.687031,31.372549
58,1.274094,76.279999,33.911835,30.812326
59,1.268861,76.409996,34.328358,31.092438
60,1.285753,76.369995,35.994446,31.932774
61,1.263515,76.479996,33.911835,30.532213
62,1.264731,76.419998,34.154808,30.252102
63,1.270284,76.349998,35.080414,29.971989
64,1.264364,76.509995,33.055653,29.971989
65,1.257854,76.500000,34.918430,30.812326
66,1.252811,76.379997,34.710171,30.812326
67,1.243756,76.330002,33.171352,29.411766
68,1.248351,76.599998,33.113503,28.571428
69,1.249485,76.449997,36.341549,30.812326
70,1.240351,76.489998,35.161404,31.092438
71,1.234888,76.559998,33.749855,29.971989
72,1.233051,76.369995,34.802731,30.252102
73,1.235347,76.549995,33.981258,30.252102
74,1.243032,76.309998,35.508503,30.812326
75,1.237357,76.229996,35.415943,31.092438
76,1.218286,76.409996,33.842415,29.971989
77,1.232645,76.299995,35.057274,30.812326
78,1.216929,76.509995,33.992828,30.532213
79,1.222480,76.439995,35.311813,31.652662
80,1.214793,76.500000,33.171352,29.131653
81,1.215736,76.400002,33.888695,30.812326
82,1.214827,76.389999,33.738285,29.971989
83,1.226031,76.339996,35.323383,31.372549
84,1.215586,76.470001,33.611015,29.971989
85,1.213633,76.529999,33.726715,30.252102
86,1.212642,76.509995,33.761425,30.252102
87,1.213456,76.479996,34.224228,30.532213
88,1.225052,76.489998,35.554783,31.932774
89,1.245775,76.229996,37.567974,32.212887
90,1.224419,76.379997,35.959736,31.652662
91,1.216829,76.430000,35.068844,30.252102
92,1.211849,76.519997,33.402756,28.851542
93,1.223394,76.360001,34.744881,30.532213
94,1.216867,76.389999,34.490341,30.532213
95,1.224379,76.369995,35.300243,31.372549
96,1.215732,76.419998,35.161404,30.532213
97,1.216916,76.500000,34.467197,30.252102
98,1.212841,76.439995,34.351498,31.092438
99,1.226890,76.369995,36.700222,32.212887
