loss,auc,asr,nasr
0,2.538400,7.050000,0.000000,0.000000
0,1.859112,32.570000,17.855059,29.930393
1,1.674711,38.500000,4.551290,8.816705
2,1.564057,43.500000,14.669156,31.554523
3,1.476822,45.980000,13.887268,36.658932
4,1.444864,48.559998,14.785856,47.795822
5,1.351399,50.750000,13.187070,47.563805
6,1.334435,50.599998,17.761700,60.788860
7,1.270978,54.459999,18.356869,60.556843
8,1.241155,54.949997,14.774186,57.540600
9,1.264680,54.709999,34.613140,64.501160
10,1.200972,56.549999,26.794258,66.589325
11,1.246410,55.989998,41.440075,74.245934
12,1.189862,57.809998,42.875481,69.373550
13,1.208616,56.849998,41.486755,71.693733
14,1.145833,59.539997,37.647335,63.109047
15,1.193801,58.719997,54.382076,79.350342
16,1.155817,59.480000,40.413116,70.301620
17,1.113664,60.969997,48.698799,58.004639
18,1.117225,60.549999,44.555958,68.445473
19,1.106138,60.809998,43.342281,58.004639
20,1.149969,59.619999,53.261757,68.909508
21,1.111616,61.820000,58.233166,70.069603
22,1.120658,60.809998,57.614658,73.781898
23,1.120541,61.480000,52.561558,76.102089
24,1.064136,62.799999,44.567627,58.932713
25,1.079110,62.739998,49.667404,65.197212
26,1.069245,62.959999,52.748280,59.628769
27,1.089887,62.590000,47.928581,63.341064
28,1.108874,61.919998,50.916092,70.765656
29,1.091620,62.259998,46.784924,58.932713
30,1.088748,62.469997,53.681877,68.445473
31,1.086905,63.039997,51.126152,65.197212
32,1.081133,62.919998,43.272259,64.965195
33,1.147174,61.209999,61.115650,70.301620
34,1.154623,61.750000,52.223129,70.069603
35,1.102571,62.660000,51.756332,64.501160
36,1.104188,62.969997,53.646866,68.677490
37,1.099938,62.930000,50.309254,61.484917
38,1.085341,63.509998,52.981678,61.948956
39,1.081492,63.709999,38.417553,53.596287
40,1.162975,61.439999,58.268177,78.190254
41,1.064591,63.549999,48.126968,57.308582
42,1.132813,62.590000,55.035595,64.269142
43,1.122934,62.730000,53.950287,63.109047
44,1.112387,62.949997,48.605438,51.740139
45,1.102781,63.219997,50.390945,58.236656
46,1.151626,62.279999,60.683861,67.981438
47,1.120246,63.279999,49.865795,64.037117
48,1.167301,62.649998,60.893921,72.853828
49,1.139425,62.820000,47.426769,51.276100
50,1.163178,61.570000,54.755512,69.837585
51,1.182567,62.009998,59.505192,67.285378
52,1.175534,61.969997,54.557125,70.997681
53,1.122301,63.629997,50.122536,55.452435
54,1.222831,62.059998,57.264557,70.069603
55,1.182888,62.480000,56.949471,72.157768
56,1.212856,61.959999,55.023922,67.749420
57,1.240390,61.029999,55.117283,70.533638
58,1.180084,62.660000,49.935814,60.556843
59,1.180835,62.439999,45.466217,63.805103
60,1.211486,61.500000,53.191738,68.445473
61,1.177360,63.029999,42.805462,53.364265
62,1.174191,63.019997,44.124168,52.900230
63,1.218954,61.899998,52.164780,60.092804
64,1.218442,61.660000,48.850506,62.180973
65,1.296651,61.399998,62.142609,61.484917
66,1.252074,61.449997,61.337379,71.229698
67,1.214236,62.750000,53.460148,61.716934
68,1.238106,62.730000,55.665771,61.716934
69,1.258899,61.910000,54.300385,69.141525
70,1.263386,62.129997,60.217060,67.517403
71,1.333002,61.070000,61.629128,70.765656
72,1.354871,61.369999,53.553509,71.925751
73,1.297089,61.389999,58.921696,70.765656
74,1.243819,62.259998,51.102814,57.540600
75,1.229619,62.730000,40.973274,54.524361
76,1.302340,62.169998,52.981678,58.468674
77,1.313118,61.809998,53.040028,66.821342
78,1.253105,62.269997,42.490372,49.651970
79,1.346445,60.590000,57.346249,70.069603
80,1.306141,63.359997,49.760765,61.716934
81,1.357279,62.879997,51.161163,64.733177
82,1.389524,62.750000,49.515697,60.788860
83,1.412889,62.939999,47.251720,58.700695
84,1.451780,62.669998,50.647682,60.556843
85,1.493410,62.500000,51.943050,64.037117
86,1.509245,62.439999,52.269810,60.324825
87,1.521675,62.469997,48.091961,57.772621
88,1.551864,62.309998,49.982494,59.628769
89,1.582377,62.399998,48.792156,58.700695
90,1.614657,62.169998,52.199791,59.860786
91,1.638754,62.139999,51.873032,61.484917
92,1.624217,62.320000,47.310070,53.828304
93,1.668523,62.009998,49.457348,56.380508
94,1.694132,62.059998,52.013069,60.556843
95,1.714184,62.139999,51.756332,60.556843
96,1.741380,61.840000,52.538219,58.932713
97,1.777435,61.559998,54.137005,61.716934
98,1.784413,61.649998,52.048080,59.628769
99,1.826463,61.489998,52.048080,61.716934
100,1.864523,61.199997,54.160347,64.269142
101,1.839005,61.519997,50.565994,58.932713
102,1.870348,61.469997,50.542652,57.076565
103,1.882801,61.619999,49.574047,56.844547
104,1.937325,61.320000,52.549889,61.020878
105,1.939499,61.609997,51.114483,59.860786
106,1.962285,61.160000,53.156727,59.628769
107,2.000439,60.889999,52.876648,60.556843
108,2.001942,61.059998,51.476254,57.076565
109,2.030216,61.169998,52.503208,59.164730
110,2.077529,60.669998,53.611858,60.788860
111,2.070920,61.149998,48.838837,59.164730
112,2.091047,61.079998,50.811062,57.308582
113,2.126731,60.570000,50.437626,58.468674
114,2.130435,61.099998,49.048897,56.612526
115,2.175752,60.689999,51.406231,59.396751
116,2.190693,60.469997,50.624344,58.236656
117,2.222330,60.109997,49.667404,56.380508
118,2.248664,60.369999,51.196171,59.860786
119,2.246312,60.709999,49.597385,57.076565
120,2.280750,60.259998,51.347881,57.076565
121,2.355360,59.939999,52.281479,63.805103
122,2.351724,60.139999,50.869411,60.092804
123,2.367931,60.439999,50.822735,56.612526
124,2.387205,60.199997,50.916092,56.380508
125,2.391215,60.239998,47.473450,55.452435
126,2.473932,59.799999,53.786907,65.197212
127,2.467844,60.019997,49.083908,59.164730
128,2.469631,59.930000,47.718521,55.916470
129,2.546833,59.789997,52.619907,62.645008
130,2.541811,59.899998,50.799393,58.236656
131,2.585322,59.840000,50.764381,59.628769
132,2.583775,60.009998,48.453728,58.468674
133,2.631636,59.949997,49.912476,61.020878
134,2.649317,59.669998,47.940250,60.556843
135,2.650569,60.009998,47.520130,55.916470
136,2.699718,59.980000,48.955536,58.004639
137,2.694426,60.099998,48.348698,56.148491
138,2.710783,59.779999,47.858559,56.148491
139,2.736425,59.879997,46.714901,56.148491
140,2.815565,59.539997,49.889133,60.092804
141,2.772658,59.649998,46.831604,53.364265
142,2.808570,59.910000,47.368420,54.524361
143,2.860433,59.529999,49.072239,60.556843
144,2.888869,59.840000,47.321743,55.684452
145,2.914299,59.340000,49.142258,58.236656
146,2.941229,59.269997,46.143074,58.932713
147,2.913717,59.730000,42.408684,50.348026
148,3.000240,59.299999,47.706852,59.860786
149,2.973516,59.609997,46.738243,52.900230
150,3.040042,59.379997,48.430389,57.308582
151,3.072100,59.379997,48.862179,60.788860
152,3.076080,59.019997,45.174465,56.148491
153,3.117493,59.189999,47.753529,59.628769
154,3.131056,59.119999,49.048897,61.020878
155,3.148855,59.129997,46.633213,56.612526
156,3.149993,58.939999,45.151127,54.756378
157,3.223163,59.029999,47.578480,62.180973
158,3.240639,59.039997,46.703232,59.860786
159,3.268468,59.109997,49.247288,60.324825
160,3.272721,59.289997,48.628777,58.236656
161,3.277439,59.529999,44.637646,54.988396
162,3.298540,59.219997,46.178085,59.164730
163,3.325976,59.139999,43.552341,57.540600
164,3.387829,58.789997,47.800209,60.788860
165,3.383873,59.109997,44.649319,59.396751
166,3.418871,58.779999,47.041660,60.788860
167,3.427394,58.969997,46.621544,57.308582
168,3.506178,58.689999,46.901623,60.092804
169,3.469956,59.149998,46.143074,57.308582
170,3.470716,59.180000,43.493992,56.380508
171,3.532627,58.639999,44.660988,59.396751
172,3.558156,58.820000,48.453728,59.396751
173,3.559934,58.590000,47.076672,59.164730
174,3.621384,58.480000,47.835220,59.396751
175,3.587370,58.829998,45.571247,59.164730
176,3.626464,59.169998,45.862995,59.860786
177,3.602372,58.619999,45.536236,56.148491
178,3.652634,58.759998,47.928581,58.932713
179,3.652091,58.809998,44.976078,57.772621
180,3.749200,58.629997,47.951920,60.788860
181,3.672164,59.419998,42.467033,57.076565
182,3.742403,58.840000,44.859375,58.700695
183,3.765135,58.779999,42.338661,56.844547
184,3.791696,58.889999,44.707668,59.860786
185,3.832971,58.689999,45.302837,60.788860
186,3.832911,58.820000,45.337845,59.164730
187,3.813183,58.899998,44.719337,55.452435
188,3.893232,58.730000,44.801025,59.164730
189,3.836668,58.879997,41.533436,55.684452
190,3.894639,58.739998,43.225582,60.092804
191,3.937063,58.559998,46.458164,58.700695
192,3.929016,58.629997,44.590969,56.380508
193,3.960896,58.459999,47.181702,60.324825
194,3.985913,58.430000,47.520130,61.020878
195,3.989549,58.590000,44.917728,56.844547
196,4.017753,58.349998,44.054150,58.700695
197,3.950783,58.840000,40.214729,53.596287
198,4.041625,58.160000,44.590969,60.324825
199,4.064083,58.320000,45.372856,61.484917
